\BOOKMARK [0][-]{chapter.1}{\376\377\000L\000i\000n\000e\000a\000r\000\040\000R\000e\000g\000r\000e\000s\000s\000i\000o\000n}{}% 1
\BOOKMARK [1][-]{subsection.1.0.1}{}{chapter.1}% 2
\BOOKMARK [2][-]{subsection.1.0.2}{}{subsection.1.0.1}% 3
\BOOKMARK [1][-]{section.1.1}{\376\377\000L\000o\000g\000-\000L\000i\000k\000e\000l\000i\000h\000o\000o\000d\000\040\000a\000n\000d\000\040\000L\000o\000g\000-\000P\000r\000i\000o\000r\000\040\000i\000n\000\040\000B\000a\000y\000e\000s\000i\000a\000n\000\040\000L\000i\000n\000e\000a\000r\000\040\000R\000e\000g\000r\000e\000s\000s\000i\000o\000n}{chapter.1}% 4
\BOOKMARK [2][-]{subsection.1.1.1}{\376\377\000M\000o\000d\000e\000l\000\040\000S\000e\000t\000u\000p}{section.1.1}% 5
\BOOKMARK [2][-]{subsection.1.1.2}{\376\377\000L\000o\000g\000-\000L\000i\000k\000e\000l\000i\000h\000o\000o\000d\000\040\000p\000\050\000y\000X\000,\000w\000\051}{section.1.1}% 6
\BOOKMARK [2][-]{subsection.1.1.3}{\376\377\000L\000o\000g\000-\000P\000r\000i\000o\000r\000\040\000p\000\050\000w\000\051}{section.1.1}% 7
\BOOKMARK [2][-]{subsection.1.1.4}{\376\377\000M\000A\000P\000\040\000E\000s\000t\000i\000m\000a\000t\000i\000o\000n\000\040\000\050\000P\000o\000s\000t\000e\000r\000i\000o\000r\000\040\000M\000o\000d\000e\000\051}{section.1.1}% 8
\BOOKMARK [0][-]{chapter.2}{\376\377\000L\000i\000n\000e\000a\000r\000\040\000D\000i\000s\000c\000r\000i\000m\000i\000n\000a\000t\000i\000v\000e\000\040\000M\000o\000d\000e\000l\000s}{}% 9
\BOOKMARK [0][-]{chapter.3}{\376\377\000D\000i\000s\000c\000r\000i\000m\000i\000n\000a\000t\000i\000v\000e\000\040\000M\000o\000d\000e\000l\000s\000\040\000f\000o\000r\000\040\000C\000l\000a\000s\000s\000i\000f\000i\000c\000a\000t\000i\000o\000n}{}% 10
\BOOKMARK [1][-]{section.3.1}{\376\377\000S\000i\000g\000m\000o\000i\000d\000\040\000F\000u\000n\000c\000t\000i\000o\000n}{chapter.3}% 11
\BOOKMARK [2][-]{subsection.3.1.1}{\376\377\000D\000e\000f\000i\000n\000i\000t\000i\000o\000n}{section.3.1}% 12
\BOOKMARK [2][-]{subsection.3.1.2}{\376\377\000D\000e\000r\000i\000v\000a\000t\000i\000v\000e}{section.3.1}% 13
\BOOKMARK [2][-]{subsection.3.1.3}{\376\377\000R\000a\000n\000g\000e\000\040\000a\000n\000d\000\040\000b\000o\000u\000n\000d\000s}{section.3.1}% 14
\BOOKMARK [2][-]{subsection.3.1.4}{\376\377\000S\000y\000m\000m\000e\000t\000r\000y}{section.3.1}% 15
\BOOKMARK [2][-]{subsection.3.1.5}{\376\377\000L\000o\000g\000i\000s\000t\000i\000c\000\040\000r\000e\000g\000r\000e\000s\000s\000i\000o\000n\000\040\000a\000n\000d\000\040\000l\000o\000g\000-\000o\000d\000d\000s}{section.3.1}% 16
\BOOKMARK [2][-]{subsection.3.1.6}{\376\377\000I\000n\000t\000e\000r\000p\000r\000e\000t\000a\000t\000i\000o\000n\000\040\000o\000f\000\040\000w\000e\000i\000g\000h\000t\000s}{section.3.1}% 17
\BOOKMARK [2][-]{subsection.3.1.7}{\376\377\000S\000c\000a\000l\000i\000n\000g\000\040\000w\000e\000i\000g\000h\000t\000s}{section.3.1}% 18
\BOOKMARK [2][-]{subsection.3.1.8}{\376\377\000N\000e\000e\000d\000\040\000f\000o\000r\000\040\000t\000h\000e\000\040\000b\000i\000a\000s\000\040\000t\000e\000r\000m}{section.3.1}% 19
\BOOKMARK [2][-]{subsection.3.1.9}{\376\377\000C\000o\000m\000p\000a\000c\000t\000\040\000s\000u\000m\000m\000a\000r\000y}{section.3.1}% 20
\BOOKMARK [1][-]{section.3.2}{\376\377\000L\000o\000g\000-\000L\000i\000k\000e\000l\000i\000h\000o\000o\000d}{chapter.3}% 21
\BOOKMARK [2][-]{subsection.3.2.1}{\376\377\000M\000o\000d\000e\000l}{section.3.2}% 22
\BOOKMARK [2][-]{subsection.3.2.2}{\376\377\000L\000i\000k\000e\000l\000i\000h\000o\000o\000d\000\040\000o\000f\000\040\000t\000h\000e\000\040\000d\000a\000t\000a\000s\000e\000t}{section.3.2}% 23
\BOOKMARK [2][-]{subsection.3.2.3}{\376\377\000L\000o\000g\000-\000l\000i\000k\000e\000l\000i\000h\000o\000o\000d}{section.3.2}% 24
\BOOKMARK [2][-]{subsection.3.2.4}{\376\377\000E\000q\000u\000i\000v\000a\000l\000e\000n\000t\000\040\000c\000o\000m\000p\000a\000c\000t\000\040\000\050\000s\000t\000a\000b\000l\000e\000\051\000\040\000e\000x\000p\000r\000e\000s\000s\000i\000o\000n}{section.3.2}% 25
\BOOKMARK [2][-]{subsection.3.2.5}{\376\377\000N\000e\000g\000a\000t\000i\000v\000e\000\040\000l\000o\000g\000-\000l\000i\000k\000e\000l\000i\000h\000o\000o\000d\000\040\000\050\000b\000i\000n\000a\000r\000y\000\040\000c\000r\000o\000s\000s\000-\000e\000n\000t\000r\000o\000p\000y\000\051}{section.3.2}% 26
\BOOKMARK [2][-]{subsection.3.2.6}{\376\377\000G\000r\000a\000d\000i\000e\000n\000t\000\040\000o\000f\000\040\000t\000h\000e\000\040\000l\000o\000g\000-\000l\000i\000k\000e\000l\000i\000h\000o\000o\000d}{section.3.2}% 27
\BOOKMARK [2][-]{subsection.3.2.7}{\376\377\000H\000e\000s\000s\000i\000a\000n\000\040\000\050\000o\000p\000t\000i\000o\000n\000a\000l\000\051}{section.3.2}% 28
\BOOKMARK [2][-]{subsection.3.2.8}{\376\377\000S\000u\000m\000m\000a\000r\000y}{section.3.2}% 29
\BOOKMARK [1][-]{section.3.3}{\376\377\000C\000o\000n\000v\000e\000x\000i\000t\000y}{chapter.3}% 30
\BOOKMARK [2][-]{subsection.3.3.1}{\376\377\000S\000e\000t\000u\000p\000:\000\040\000B\000i\000n\000a\000r\000y\000\040\000C\000r\000o\000s\000s\000-\000E\000n\000t\000r\000o\000p\000y\000\040\000/\000\040\000N\000L\000L}{section.3.3}% 31
\BOOKMARK [2][-]{subsection.3.3.2}{\376\377\000P\000r\000o\000o\000f\000\040\000v\000i\000a\000\040\000C\000o\000n\000v\000e\000x\000\040\000F\000u\000n\000c\000t\000i\000o\000n\000\040\000C\000o\000m\000p\000o\000s\000i\000t\000i\000o\000n}{section.3.3}% 32
\BOOKMARK [1][-]{section.3.4}{\376\377\000M\000a\000t\000r\000i\000x\000\040\000F\000o\000r\000m\000\040\000o\000f\000\040\000t\000h\000e\000\040\000L\000o\000g\000-\000L\000i\000k\000e\000l\000i\000h\000o\000o\000d}{chapter.3}% 33
\BOOKMARK [2][-]{subsection.3.4.1}{\376\377\000S\000e\000t\000u\000p}{section.3.4}% 34
\BOOKMARK [2][-]{subsection.3.4.2}{\376\377\000L\000o\000g\000-\000L\000i\000k\000e\000l\000i\000h\000o\000o\000d\000\040\000\050\000V\000e\000c\000t\000o\000r\000\040\000F\000o\000r\000m\000\051}{section.3.4}% 35
\BOOKMARK [2][-]{subsection.3.4.3}{\376\377\000C\000o\000m\000p\000a\000c\000t\000\040\000F\000o\000r\000m\000\040\000U\000s\000i\000n\000g\000\040\000L\000i\000n\000e\000a\000r\000\040\000S\000c\000o\000r\000e\000s}{section.3.4}% 36
\BOOKMARK [2][-]{subsection.3.4.4}{\376\377\000A\000u\000g\000m\000e\000n\000t\000e\000d\000\040\000R\000e\000p\000r\000e\000s\000e\000n\000t\000a\000t\000i\000o\000n}{section.3.4}% 37
\BOOKMARK [1][-]{section.3.5}{\376\377\000L\000o\000g\000-\000L\000i\000k\000e\000l\000i\000h\000o\000o\000d\000\040\000L\000i\000m\000i\000t\000s\000\040\000a\000n\000d\000\040\000P\000e\000r\000f\000e\000c\000t\000\040\000S\000e\000p\000a\000r\000a\000b\000i\000l\000i\000t\000y}{chapter.3}% 38
\BOOKMARK [2][-]{subsection.3.5.1}{\376\377\000S\000i\000g\000m\000o\000i\000d\000\040\000L\000i\000m\000i\000t\000\040\000B\000e\000h\000a\000v\000i\000o\000r}{section.3.5}% 39
\BOOKMARK [2][-]{subsection.3.5.2}{\376\377\000L\000o\000g\000-\000L\000i\000k\000e\000l\000i\000h\000o\000o\000d\000\040\000o\000f\000\040\000a\000\040\000S\000i\000n\000g\000l\000e\000\040\000S\000a\000m\000p\000l\000e}{section.3.5}% 40
\BOOKMARK [2][-]{subsection.3.5.3}{\376\377\000L\000i\000m\000i\000t\000\040\000f\000o\000r\000\040\000P\000o\000s\000i\000t\000i\000v\000e\000\040\000S\000a\000m\000p\000l\000e\000s}{section.3.5}% 41
\BOOKMARK [2][-]{subsection.3.5.4}{\376\377\000L\000i\000m\000i\000t\000\040\000f\000o\000r\000\040\000N\000e\000g\000a\000t\000i\000v\000e\000\040\000S\000a\000m\000p\000l\000e\000s}{section.3.5}% 42
\BOOKMARK [2][-]{subsection.3.5.5}{\376\377\000I\000m\000p\000l\000i\000c\000a\000t\000i\000o\000n\000\040\000f\000o\000r\000\040\000t\000h\000e\000\040\000F\000u\000l\000l\000\040\000L\000o\000g\000-\000L\000i\000k\000e\000l\000i\000h\000o\000o\000d}{section.3.5}% 43
\BOOKMARK [2][-]{subsection.3.5.6}{\376\377\000Z\000e\000r\000o\000\040\000i\000s\000\040\000t\000h\000e\000\040\000M\000a\000x\000i\000m\000u\000m\000\040\000P\000o\000s\000s\000i\000b\000l\000e\000\040\000L\000o\000g\000-\000L\000i\000k\000e\000l\000i\000h\000o\000o\000d}{section.3.5}% 44
\BOOKMARK [2][-]{subsection.3.5.7}{\376\377\000F\000i\000n\000a\000l\000\040\000S\000u\000m\000m\000a\000r\000y}{section.3.5}% 45
\BOOKMARK [1][-]{section.3.6}{\376\377\000G\000r\000a\000d\000i\000e\000n\000t\000\040\000o\000f\000\040\000L\000o\000g\000i\000s\000t\000i\000c\000\040\000R\000e\000g\000r\000e\000s\000s\000i\000o\000n}{chapter.3}% 46
\BOOKMARK [2][-]{subsection.3.6.1}{\376\377\000S\000e\000t\000u\000p}{section.3.6}% 47
\BOOKMARK [2][-]{subsection.3.6.2}{\376\377\000D\000e\000r\000i\000v\000a\000t\000i\000v\000e\000\040\000f\000o\000r\000\040\000a\000\040\000S\000i\000n\000g\000l\000e\000\040\000S\000a\000m\000p\000l\000e}{section.3.6}% 48
\BOOKMARK [2][-]{subsection.3.6.3}{\376\377\000G\000r\000a\000d\000i\000e\000n\000t\000s\000\040\000w\000.\000r\000.\000t\000.\000\040\000P\000a\000r\000a\000m\000e\000t\000e\000r\000s}{section.3.6}% 49
\BOOKMARK [2][-]{subsection.3.6.4}{\376\377\000M\000a\000t\000r\000i\000x\000\040\000D\000e\000r\000i\000v\000a\000t\000i\000o\000n\000\040\000o\000f\000\040\000t\000h\000e\000\040\000V\000e\000c\000t\000o\000r\000\040\000F\000o\000r\000m}{section.3.6}% 50
\BOOKMARK [2][-]{subsection.3.6.5}{\376\377\000F\000i\000n\000a\000l\000\040\000V\000e\000c\000t\000o\000r\000\040\000a\000n\000d\000\040\000A\000u\000g\000m\000e\000n\000t\000e\000d\000\040\000F\000o\000r\000m\000s}{section.3.6}% 51
\BOOKMARK [1][-]{section.3.7}{\376\377\000G\000r\000a\000d\000i\000e\000n\000t\000\040\000D\000e\000s\000c\000e\000n\000t\000\040\000o\000n\000\040\000L\000o\000g\000i\000s\000t\000i\000c\000\040\000R\000e\000g\000r\000e\000s\000s\000i\000o\000n}{chapter.3}% 52
\BOOKMARK [2][-]{subsection.3.7.1}{\376\377\000S\000e\000t\000u\000p}{section.3.7}% 53
\BOOKMARK [2][-]{subsection.3.7.2}{\376\377\000B\000a\000t\000c\000h\000\040\000G\000r\000a\000d\000i\000e\000n\000t\000\040\000D\000e\000s\000c\000e\000n\000t\000\040\000\050\000B\000G\000D\000\051}{section.3.7}% 54
\BOOKMARK [2][-]{subsection.3.7.3}{\376\377\000S\000t\000o\000c\000h\000a\000s\000t\000i\000c\000\040\000G\000r\000a\000d\000i\000e\000n\000t\000\040\000D\000e\000s\000c\000e\000n\000t\000\040\000\050\000S\000G\000D\000\051}{section.3.7}% 55
\BOOKMARK [2][-]{subsection.3.7.4}{\376\377\000F\000i\000n\000a\000l\000\040\000Q\000u\000i\000c\000k\000-\000R\000e\000f\000e\000r\000e\000n\000c\000e\000\040\000S\000u\000m\000m\000a\000r\000y}{section.3.7}% 56
\BOOKMARK [1][-]{section.3.8}{\376\377\000L\000e\000a\000r\000n\000i\000n\000g\000\040\000R\000a\000t\000e\000\040\000S\000t\000a\000b\000i\000l\000i\000t\000y}{chapter.3}% 57
\BOOKMARK [2][-]{subsection.3.8.1}{\376\377\000L\000o\000g\000i\000s\000t\000i\000c\000\040\000L\000o\000s\000s\000\040\000a\000n\000d\000\040\000G\000r\000a\000d\000i\000e\000n\000t\000\040\000D\000e\000s\000c\000e\000n\000t}{section.3.8}% 58
\BOOKMARK [2][-]{subsection.3.8.2}{\376\377\000H\000e\000s\000s\000i\000a\000n\000\040\000o\000f\000\040\000t\000h\000e\000\040\000L\000o\000g\000i\000s\000t\000i\000c\000\040\000L\000o\000s\000s}{section.3.8}% 59
\BOOKMARK [2][-]{subsection.3.8.3}{\376\377\000S\000t\000a\000b\000i\000l\000i\000t\000y\000\040\000C\000o\000n\000d\000i\000t\000i\000o\000n\000\040\000f\000o\000r\000\040\000G\000r\000a\000d\000i\000e\000n\000t\000\040\000D\000e\000s\000c\000e\000n\000t}{section.3.8}% 60
\BOOKMARK [2][-]{subsection.3.8.4}{\376\377\000E\000r\000r\000o\000r\000\040\000D\000y\000n\000a\000m\000i\000c\000s\000\040\000N\000e\000a\000r\000\040\000t\000h\000e\000\040\000O\000p\000t\000i\000m\000u\000m}{section.3.8}% 61
\BOOKMARK [2][-]{subsection.3.8.5}{\376\377\000D\000i\000v\000e\000r\000g\000e\000n\000c\000e\000\040\000B\000e\000h\000a\000v\000i\000o\000r\000\040\000S\000p\000e\000c\000i\000f\000i\000c\000\040\000t\000o\000\040\000L\000o\000g\000i\000s\000t\000i\000c\000\040\000R\000e\000g\000r\000e\000s\000s\000i\000o\000n}{section.3.8}% 62
\BOOKMARK [2][-]{subsection.3.8.6}{\376\377\000F\000i\000n\000a\000l\000\040\000S\000u\000m\000m\000a\000r\000y}{section.3.8}% 63
\BOOKMARK [1][-]{section.3.9}{\376\377\000L\000i\000n\000e\000a\000r\000i\000t\000y\000\040\000o\000f\000\040\000D\000e\000c\000i\000s\000i\000o\000n\000\040\000B\000o\000u\000n\000d\000a\000r\000y}{chapter.3}% 64
\BOOKMARK [2][-]{subsection.3.9.1}{\376\377\000B\000i\000n\000a\000r\000y\000\040\000L\000o\000g\000i\000s\000t\000i\000c\000\040\000R\000e\000g\000r\000e\000s\000s\000i\000o\000n}{section.3.9}% 65
\BOOKMARK [2][-]{subsection.3.9.2}{\376\377\000G\000e\000o\000m\000e\000t\000r\000i\000c\000\040\000I\000n\000t\000e\000r\000p\000r\000e\000t\000a\000t\000i\000o\000n}{section.3.9}% 66
\BOOKMARK [2][-]{subsection.3.9.3}{\376\377\000M\000u\000l\000t\000i\000c\000l\000a\000s\000s\000\040\000E\000x\000t\000e\000n\000s\000i\000o\000n}{section.3.9}% 67
\BOOKMARK [2][-]{subsection.3.9.4}{\376\377\000S\000u\000m\000m\000a\000r\000y}{section.3.9}% 68
\BOOKMARK [1][-]{section.3.10}{\376\377\000S\000V\000M\000\040\000a\000n\000d\000\040\000L\000o\000g\000i\000s\000t\000i\000c\000\040\000C\000r\000o\000s\000s\000o\000v\000e\000r}{chapter.3}% 69
\BOOKMARK [2][-]{subsection.3.10.1}{\376\377\000S\000t\000a\000t\000e\000m\000e\000n\000t\000\040\000o\000f\000\040\000t\000h\000e\000\040\000q\000u\000e\000s\000t\000i\000o\000n}{section.3.10}% 70
\BOOKMARK [2][-]{subsection.3.10.2}{\376\377\0001\000.\000\040\000E\000x\000a\000c\000t\000\040\000e\000q\000u\000a\000l\000i\000t\000y\000\040\000u\000n\000d\000e\000r\000\040\000s\000t\000r\000o\000n\000g\000\040\000c\000o\000n\000d\000i\000t\000i\000o\000n\000s}{section.3.10}% 71
\BOOKMARK [2][-]{subsection.3.10.3}{\376\377\0002\000.\000\040\000A\000s\000y\000m\000p\000t\000o\000t\000i\000c\000\040\000/\000\040\000l\000o\000s\000s\000-\000l\000e\000v\000e\000l\000\040\000i\000n\000t\000u\000i\000t\000i\000o\000n}{section.3.10}% 72
\BOOKMARK [2][-]{subsection.3.10.4}{\376\377\0003\000.\000\040\000G\000e\000o\000m\000e\000t\000r\000i\000c\000\040\000c\000o\000n\000d\000i\000t\000i\000o\000n\000\040\000\050\000m\000a\000r\000g\000i\000n\000\040\000a\000l\000i\000g\000n\000m\000e\000n\000t\000\051}{section.3.10}% 73
\BOOKMARK [2][-]{subsection.3.10.5}{\376\377\0004\000.\000\040\000W\000h\000e\000n\000\040\000t\000h\000e\000y\000\040\000d\000o\000\040\000n\000o\000t\000\040\000c\000o\000i\000n\000c\000i\000d\000e}{section.3.10}% 74
\BOOKMARK [2][-]{subsection.3.10.6}{\376\377\0005\000.\000\040\000C\000o\000m\000p\000a\000c\000t\000\040\000e\000x\000a\000m\000-\000r\000e\000a\000d\000y\000\040\000s\000u\000m\000m\000a\000r\000y}{section.3.10}% 75
\BOOKMARK [1][-]{section.3.11}{\376\377\000F\000a\000i\000l\000u\000r\000e\000\040\000o\000f\000\040\000L\000o\000g\000i\000s\000t\000i\000c\000\040\000R\000e\000g\000r\000e\000s\000s\000i\000o\000n}{chapter.3}% 76
\BOOKMARK [2][-]{subsection.3.11.1}{\376\377\0001\000.\000\040\000W\000h\000e\000n\000\040\000d\000o\000e\000s\000\040\000l\000o\000g\000i\000s\000t\000i\000c\000\040\000r\000e\000g\000r\000e\000s\000s\000i\000o\000n\000\040\000f\000a\000i\000l\000\040\000\050\000g\000e\000o\000m\000e\000t\000r\000i\000c\000\040\000v\000i\000e\000w\000\051\000?}{section.3.11}% 77
\BOOKMARK [2][-]{subsection.3.11.2}{\376\377\0002\000.\000\040\000C\000o\000l\000l\000i\000n\000e\000a\000r\000i\000t\000y\000\040\000/\000\040\000r\000a\000n\000k\000\040\000d\000e\000f\000i\000c\000i\000e\000n\000c\000y}{section.3.11}% 78
\BOOKMARK [2][-]{subsection.3.11.3}{\376\377\0003\000.\000\040\000H\000o\000w\000\040\000r\000e\000g\000u\000l\000a\000r\000i\000z\000a\000t\000i\000o\000n\000\040\000f\000i\000x\000e\000s\000\040\000t\000h\000e\000s\000e\000\040\000f\000a\000i\000l\000u\000r\000e\000s}{section.3.11}% 79
\BOOKMARK [2][-]{subsection.3.11.4}{\376\377\0004\000.\000\040\000S\000u\000m\000m\000a\000r\000y}{section.3.11}% 80
\BOOKMARK [1][-]{section.3.12}{\376\377\000L\0002\000\040\000R\000e\000g\000u\000l\000a\000r\000i\000s\000a\000t\000i\000o\000n}{chapter.3}% 81
\BOOKMARK [2][-]{subsection.3.12.1}{\376\377\0001\000.\000\040\000L\000o\000s\000s\000\040\000d\000e\000f\000i\000n\000i\000t\000i\000o\000n}{section.3.12}% 82
\BOOKMARK [2][-]{subsection.3.12.2}{\376\377\0002\000.\000\040\000U\000s\000e\000f\000u\000l\000\040\000i\000d\000e\000n\000t\000i\000t\000i\000e\000s}{section.3.12}% 83
\BOOKMARK [2][-]{subsection.3.12.3}{\376\377\0003\000.\000\040\000V\000e\000c\000t\000o\000r\000\040\000g\000r\000a\000d\000i\000e\000n\000t\000s}{section.3.12}% 84
\BOOKMARK [2][-]{subsection.3.12.4}{\376\377\0004\000.\000\040\000P\000e\000r\000-\000s\000a\000m\000p\000l\000e\000\040\000c\000o\000m\000p\000o\000n\000e\000n\000t\000\040\000f\000o\000r\000m}{section.3.12}% 85
\BOOKMARK [2][-]{subsection.3.12.5}{\376\377\0005\000.\000\040\000A\000u\000g\000m\000e\000n\000t\000e\000d\000\040\000n\000o\000t\000a\000t\000i\000o\000n\000\040\000\050\000i\000f\000\040\000b\000i\000a\000s\000\040\000a\000l\000s\000o\000\040\000r\000e\000g\000u\000l\000a\000r\000i\000s\000e\000d\000\051}{section.3.12}% 86
\BOOKMARK [2][-]{subsection.3.12.6}{\376\377\0006\000.\000\040\000F\000i\000n\000a\000l\000\040\000b\000o\000x\000e\000d\000\040\000r\000e\000s\000u\000l\000t\000s}{section.3.12}% 87
\BOOKMARK [1][-]{section.3.13}{\376\377\000L\0001\000\040\000R\000e\000g\000u\000l\000a\000r\000i\000s\000a\000t\000i\000o\000n\000\040\000a\000n\000d\000\040\000G\000r\000a\000d\000i\000e\000n\000t}{chapter.3}% 88
\BOOKMARK [2][-]{subsection.3.13.1}{\376\377\0001\000.\000\040\000L\000o\000s\000s\000\040\000d\000e\000f\000i\000n\000i\000t\000i\000o\000n}{section.3.13}% 89
\BOOKMARK [2][-]{subsection.3.13.2}{\376\377\0002\000.\000\040\000G\000r\000a\000d\000i\000e\000n\000t\000\040\000o\000f\000\040\000s\000m\000o\000o\000t\000h\000\040\000p\000a\000r\000t}{section.3.13}% 90
\BOOKMARK [2][-]{subsection.3.13.3}{\376\377\0003\000.\000\040\000S\000u\000b\000g\000r\000a\000d\000i\000e\000n\000t\000\040\000o\000f\000\040\000t\000h\000e\000\040\0001\000\040\000t\000e\000r\000m}{section.3.13}% 91
\BOOKMARK [2][-]{subsection.3.13.4}{\376\377\0004\000.\000\040\000S\000u\000b\000g\000r\000a\000d\000i\000e\000n\000t\000\040\000o\000f\000\040\000t\000h\000e\000\040\000f\000u\000l\000l\000\040\000o\000b\000j\000e\000c\000t\000i\000v\000e\000\040\000\050\000v\000e\000c\000t\000o\000r\000\040\000f\000o\000r\000m\000\051}{section.3.13}% 92
\BOOKMARK [2][-]{subsection.3.13.5}{\376\377\0005\000.\000\040\000C\000o\000m\000p\000o\000n\000e\000n\000t\000w\000i\000s\000e\000\040\000s\000u\000b\000g\000r\000a\000d\000i\000e\000n\000t\000\040\000\050\000e\000x\000p\000l\000i\000c\000i\000t\000\051}{section.3.13}% 93
\BOOKMARK [2][-]{subsection.3.13.6}{\376\377\0006\000.\000\040\000O\000p\000t\000i\000m\000a\000l\000i\000t\000y\000\040\000\050\000K\000K\000T\000\051\000\040\000c\000o\000n\000d\000i\000t\000i\000o\000n\000s}{section.3.13}% 94
\BOOKMARK [2][-]{subsection.3.13.7}{\376\377\0007\000.\000\040\000P\000r\000o\000x\000i\000m\000a\000l\000\040\000\050\000I\000S\000T\000A\000\051\000\040\000u\000p\000d\000a\000t\000e\000\040\040\024\000\040\000s\000o\000f\000t\000-\000t\000h\000r\000e\000s\000h\000o\000l\000d\000i\000n\000g}{section.3.13}% 95
\BOOKMARK [2][-]{subsection.3.13.8}{\376\377\0008\000.\000\040\000S\000u\000m\000m\000a\000r\000y\000\040\000\050\000b\000o\000x\000e\000d\000\051}{section.3.13}% 96
\BOOKMARK [1][-]{section.3.14}{\376\377\000L\000a\000m\000b\000d\000a\000\040\000T\000e\000n\000d\000s\000\040\000t\000o\000\040\000I\000n\000f\000i\000n\000i\000t\000y}{chapter.3}% 97
\BOOKMARK [2][-]{subsection.3.14.1}{\376\377\0001\000.\000\040\000L\0002\000-\000R\000e\000g\000u\000l\000a\000r\000i\000s\000e\000d\000\040\000L\000o\000g\000i\000s\000t\000i\000c\000\040\000R\000e\000g\000r\000e\000s\000s\000i\000o\000n}{section.3.14}% 98
\BOOKMARK [2][-]{subsection.3.14.2}{\376\377\0002\000.\000\040\000L\0001\000-\000R\000e\000g\000u\000l\000a\000r\000i\000s\000e\000d\000\040\000L\000o\000g\000i\000s\000t\000i\000c\000\040\000R\000e\000g\000r\000e\000s\000s\000i\000o\000n}{section.3.14}% 99
\BOOKMARK [2][-]{subsection.3.14.3}{\376\377\0003\000.\000\040\000U\000n\000i\000f\000i\000e\000d\000\040\000R\000e\000s\000u\000l\000t}{section.3.14}% 100
\BOOKMARK [1][-]{section.3.15}{\376\377\000S\000o\000f\000t\000m\000a\000x\000\040\000F\000u\000n\000c\000t\000i\000o\000n\000\040\000a\000n\000d\000\040\000I\000t\000s\000\040\000G\000r\000a\000d\000i\000e\000n\000t}{chapter.3}% 101
\BOOKMARK [2][-]{subsection.3.15.1}{\376\377\0001\000.\000\040\000D\000e\000f\000i\000n\000i\000t\000i\000o\000n}{section.3.15}% 102
\BOOKMARK [2][-]{subsection.3.15.2}{\376\377\0002\000.\000\040\000J\000a\000c\000o\000b\000i\000a\000n\000\040\000o\000f\000\040\000S\000o\000f\000t\000m\000a\000x}{section.3.15}% 103
\BOOKMARK [2][-]{subsection.3.15.3}{\376\377\0003\000.\000\040\000G\000r\000a\000d\000i\000e\000n\000t\000\040\000o\000f\000\040\000C\000r\000o\000s\000s\000-\000E\000n\000t\000r\000o\000p\000y\000\040\000w\000.\000r\000.\000t\000.\000\040\000L\000o\000g\000i\000t\000s}{section.3.15}% 104
\BOOKMARK [2][-]{subsection.3.15.4}{\376\377\0004\000.\000\040\000G\000r\000a\000d\000i\000e\000n\000t\000\040\000i\000n\000\040\000S\000o\000f\000t\000m\000a\000x\000\040\000R\000e\000g\000r\000e\000s\000s\000i\000o\000n\000\040\000\050\000L\000i\000n\000e\000a\000r\000\040\000M\000o\000d\000e\000l\000\051}{section.3.15}% 105
\BOOKMARK [2][-]{subsection.3.15.5}{\376\377\0005\000.\000\040\000S\000m\000a\000l\000l\000\040\000W\000o\000r\000k\000e\000d\000\040\000E\000x\000a\000m\000p\000l\000e\000\040\000\050\000G\000r\000a\000d\000i\000e\000n\000t\000\040\000C\000o\000m\000p\000u\000t\000a\000t\000i\000o\000n\000\051}{section.3.15}% 106
\BOOKMARK [0][-]{chapter.4}{\376\377\000G\000r\000a\000d\000i\000e\000n\000t\000\040\000D\000e\000s\000c\000e\000n\000t}{}% 107
\BOOKMARK [1][-]{section.4.1}{\376\377\000D\000e\000s\000c\000e\000n\000t}{chapter.4}% 108
\BOOKMARK [2][-]{subsection.4.1.1}{\376\377\0001\000.\000\040\000G\000r\000a\000d\000i\000e\000n\000t\000\040\000D\000e\000s\000c\000e\000n\000t\000\040\000a\000s\000\040\000a\000\040\000D\000e\000s\000c\000e\000n\000t\000\040\000M\000e\000t\000h\000o\000d}{section.4.1}% 109
\BOOKMARK [2][-]{subsection.4.1.2}{\376\377\0002\000.\000\040\000M\000e\000a\000n\000i\000n\000g\000\040\000o\000f\000\040\000t\000h\000e\000\040\000L\000i\000p\000s\000c\000h\000i\000t\000z\000\040\000C\000o\000n\000s\000t\000a\000n\000t\000\040\000L}{section.4.1}% 110
\BOOKMARK [2][-]{subsection.4.1.3}{\376\377\0003\000.\000\040\000V\000a\000l\000u\000e\000s\000\040\000o\000f\000\040\000L\000\040\000i\000n\000\040\000C\000o\000m\000m\000o\000n\000\040\000M\000L\000\040\000M\000o\000d\000e\000l\000s}{section.4.1}% 111
\BOOKMARK [2][-]{subsection.4.1.4}{\376\377\0004\000.\000\040\000I\000m\000p\000o\000r\000t\000a\000n\000c\000e\000\040\000o\000f\000\040\000L}{section.4.1}% 112
\BOOKMARK [2][-]{subsection.4.1.5}{\376\377\0005\000.\000\040\000S\000u\000m\000m\000a\000r\000y}{section.4.1}% 113
\BOOKMARK [2][-]{subsection.4.1.6}{\376\377\000C\000o\000n\000v\000e\000r\000g\000e\000n\000c\000e\000\040\000f\000o\000r\000\040\000Q\000u\000a\000d\000r\000a\000t\000i\000c\000\040\000F\000u\000n\000c\000t\000i\000o\000n\000s}{section.4.1}% 114
\BOOKMARK [2][-]{subsection.4.1.7}{\376\377\000C\000o\000n\000v\000e\000r\000g\000e\000n\000c\000e\000\040\000a\000n\000d\000\040\000H\000e\000s\000s\000i\000a\000n}{section.4.1}% 115
\BOOKMARK [0][-]{chapter.5}{\376\377\000G\000r\000a\000d\000i\000e\000n\000t\000\040\000D\000e\000s\000c\000e\000n\000t\000\040\000f\000o\000r\000\040\000L\000i\000n\000e\000a\000r\000\040\000a\000n\000d\000\040\000L\000o\000g\000i\000s\000t\000i\000c\000\040\000R\000e\000g\000r\000e\000s\000s\000i\000o\000n}{}% 116
\BOOKMARK [1][-]{section.5.1}{\376\377\000D\000e\000r\000i\000v\000a\000t\000i\000o\000n\000\040\000o\000f\000\040\000G\000D}{chapter.5}% 117
\BOOKMARK [2][-]{subsection.5.1.1}{\376\377\000G\000r\000a\000d\000i\000e\000n\000t\000\040\000D\000e\000s\000c\000e\000n\000t\000\040\000f\000o\000r\000\040\000L\000i\000n\000e\000a\000r\000\040\000R\000e\000g\000r\000e\000s\000s\000i\000o\000n}{section.5.1}% 118
\BOOKMARK [2][-]{subsection.5.1.2}{\376\377\000G\000r\000a\000d\000i\000e\000n\000t\000\040\000D\000e\000s\000c\000e\000n\000t\000\040\000a\000n\000d\000\040\000C\000o\000n\000v\000e\000x\000i\000t\000y\000\040\000f\000o\000r\000\040\000L\000o\000g\000i\000s\000t\000i\000c\000\040\000R\000e\000g\000r\000e\000s\000s\000i\000o\000n}{section.5.1}% 119
\BOOKMARK [1][-]{section.5.2}{\376\377\000C\000o\000n\000v\000e\000r\000g\000e\000n\000c\000e\000\040\000P\000r\000o\000o\000f}{chapter.5}% 120
\BOOKMARK [2][-]{subsection.5.2.1}{\376\377\000L\000i\000n\000e\000a\000r\000\040\000\050\000G\000e\000o\000m\000e\000t\000r\000i\000c\000\051\000\040\000C\000o\000n\000v\000e\000r\000g\000e\000n\000c\000e\000\040\000o\000f\000\040\000G\000r\000a\000d\000i\000e\000n\000t\000\040\000D\000e\000s\000c\000e\000n\000t}{section.5.2}% 121
\BOOKMARK [0][-]{chapter.6}{\376\377\000S\000u\000p\000p\000o\000r\000t\000\040\000V\000e\000c\000t\000o\000r\000\040\000M\000a\000c\000h\000i\000n\000e\000s}{}% 122
\BOOKMARK [1][-]{section.6.1}{\376\377\000F\000u\000n\000d\000a\000m\000e\000n\000t\000a\000l\000s\000\040\000a\000n\000d\000\040\000g\000e\000o\000m\000e\000t\000r\000y}{chapter.6}% 123
\BOOKMARK [2][-]{subsection.6.1.1}{\376\377\000D\000i\000s\000t\000a\000n\000c\000e\000\040\000F\000r\000o\000m\000\040\000a\000\040\000P\000o\000i\000n\000t\000\040\000t\000o\000\040\000a\000\040\000H\000y\000p\000e\000r\000p\000l\000a\000n\000e}{section.6.1}% 124
\BOOKMARK [1][-]{section.6.2}{\376\377\000S\000c\000a\000l\000e\000\040\000I\000n\000v\000a\000r\000i\000a\000n\000c\000e\000\040\000a\000n\000d\000\040\000S\000u\000p\000p\000o\000r\000t\000i\000n\000g\000\040\000H\000y\000p\000e\000r\000p\000l\000a\000n\000e\000s}{chapter.6}% 125
\BOOKMARK [2][-]{subsection.6.2.1}{\376\377\000M\000a\000r\000g\000i\000n\000s\000\040\000a\000n\000d\000\040\000N\000o\000t\000a\000t\000i\000o\000n}{section.6.2}% 126
\BOOKMARK [2][-]{subsection.6.2.2}{\376\377\000P\000o\000i\000n\000t\000s\000\040\000a\000t\000\040\000D\000i\000s\000t\000a\000n\000c\000e\000\040\000G\000a\000m\000m\000a\000\040\000f\000r\000o\000m\000\040\000t\000h\000e\000\040\000H\000y\000p\000e\000r\000p\000l\000a\000n\000e}{section.6.2}% 127
\BOOKMARK [2][-]{subsection.6.2.3}{\376\377\000S\000c\000a\000l\000e\000\040\000I\000n\000v\000a\000r\000i\000a\000n\000c\000e\000\040\000o\000f\000\040\000t\000h\000e\000\040\000H\000y\000p\000e\000r\000p\000l\000a\000n\000e}{section.6.2}% 128
\BOOKMARK [2][-]{subsection.6.2.4}{\376\377\000N\000o\000r\000m\000a\000l\000i\000z\000i\000n\000g\000\040\000t\000o\000\040\000+\0001\000\040\000a\000n\000d\000\040\000-\0001}{section.6.2}% 129
\BOOKMARK [2][-]{subsection.6.2.5}{\376\377\000R\000e\000l\000a\000t\000i\000o\000n\000\040\000t\000o\000\040\000t\000h\000e\000\040\000G\000e\000o\000m\000e\000t\000r\000i\000c\000\040\000M\000a\000r\000g\000i\000n}{section.6.2}% 130
\BOOKMARK [2][-]{subsection.6.2.6}{\376\377\000S\000u\000m\000m\000a\000r\000y}{section.6.2}% 131
\BOOKMARK [2][-]{subsection.6.2.7}{\376\377\000D\000e\000r\000i\000v\000a\000t\000i\000o\000n\000\040\000o\000f\000\040\000t\000h\000e\000\040\000S\000V\000M\000\040\000O\000b\000j\000e\000c\000t\000i\000v\000e\000\040\000\050\000H\000a\000r\000d\000-\000M\000a\000r\000g\000i\000n\000\040\000P\000r\000i\000m\000a\000l\000\051}{section.6.2}% 132
\BOOKMARK [2][-]{subsection.6.2.8}{\376\377\000L\000a\000g\000r\000a\000n\000g\000i\000a\000n\000\040\000a\000n\000d\000\040\000s\000t\000a\000t\000i\000o\000n\000a\000r\000i\000t\000y}{section.6.2}% 133
\BOOKMARK [2][-]{subsection.6.2.9}{\376\377\000D\000u\000a\000l\000\040\000f\000o\000r\000m\000\040\000o\000f\000\040\000t\000h\000e\000\040\000L\000a\000g\000r\000a\000n\000g\000i\000a\000n\000\040\040\024\000\040\000d\000e\000r\000i\000v\000a\000t\000i\000o\000n}{section.6.2}% 134
