\BOOKMARK [-1][-]{part.1}{\376\377\000I\000\040\000N\000e\000u\000r\000a\000l\000\040\000N\000e\000t\000w\000o\000r\000k\000s}{}% 1
\BOOKMARK [0][-]{chapter.1}{\376\377\000F\000e\000e\000d\000\040\000F\000o\000r\000w\000a\000r\000d\000\040\000N\000e\000u\000r\000a\000l\000\040\000N\000e\000t\000w\000o\000r\000k\000s}{part.1}% 2
\BOOKMARK [1][-]{section.1.1}{\376\377\000F\000e\000e\000d\000-\000f\000o\000r\000w\000a\000r\000d\000\040\000N\000e\000t\000w\000o\000r\000k\000\040\000F\000u\000n\000c\000t\000i\000o\000n\000s}{chapter.1}% 3
\BOOKMARK [2][-]{subsection.1.1.1}{\376\377\000A\000\040\000S\000e\000r\000i\000e\000s\000\040\000o\000f\000\040\000F\000u\000n\000c\000t\000i\000o\000n\000a\000l\000\040\000T\000r\000a\000n\000s\000f\000o\000r\000m\000a\000t\000i\000o\000n\000s}{section.1.1}% 4
\BOOKMARK [2][-]{subsection.1.1.2}{\376\377\000O\000v\000e\000r\000a\000l\000l\000\040\000N\000e\000t\000w\000o\000r\000k\000\040\000F\000u\000n\000c\000t\000i\000o\000n}{section.1.1}% 5
\BOOKMARK [2][-]{subsection.1.1.3}{\376\377\000D\000i\000f\000f\000e\000r\000e\000n\000t\000i\000a\000b\000i\000l\000i\000t\000y\000\040\000o\000f\000\040\000t\000h\000e\000\040\000N\000e\000t\000w\000o\000r\000k\000\040\000F\000u\000n\000c\000t\000i\000o\000n}{section.1.1}% 6
\BOOKMARK [1][-]{section.1.2}{\376\377\000I\000m\000p\000o\000r\000t\000a\000n\000t\000\040\000R\000e\000s\000u\000l\000t\000s\000\040\000a\000n\000d\000\040\000C\000o\000n\000d\000i\000t\000i\000o\000n\000s}{chapter.1}% 7
\BOOKMARK [2][-]{subsection.1.2.1}{\376\377\000U\000n\000i\000v\000e\000r\000s\000a\000l\000\040\000A\000p\000p\000r\000o\000x\000i\000m\000a\000t\000i\000o\000n\000\040\000T\000h\000e\000o\000r\000e\000m}{section.1.2}% 8
\BOOKMARK [2][-]{subsection.1.2.2}{\376\377\000F\000e\000e\000d\000-\000F\000o\000r\000w\000a\000r\000d\000\040\000A\000r\000c\000h\000i\000t\000e\000c\000t\000u\000r\000e}{section.1.2}% 9
\BOOKMARK [1][-]{section.1.3}{\376\377\000W\000e\000i\000g\000h\000t\000-\000s\000p\000a\000c\000e\000\040\000S\000y\000m\000m\000e\000t\000r\000i\000e\000s}{chapter.1}% 10
\BOOKMARK [2][-]{subsection.1.3.1}{\376\377\000B\000a\000s\000e\000l\000i\000n\000e\000\040\000N\000e\000t\000w\000o\000r\000k\000\040\000\050\000N\000e\000t\000w\000o\000r\000k\000\040\000A\000\051}{section.1.3}% 11
\BOOKMARK [2][-]{subsection.1.3.2}{\376\377\000S\000y\000m\000m\000e\000t\000r\000y\000\040\0001\000:\000\040\000S\000i\000g\000n\000-\000F\000l\000i\000p}{section.1.3}% 12
\BOOKMARK [2][-]{subsection.1.3.3}{\376\377\000S\000y\000m\000m\000e\000t\000r\000y\000\040\0002\000:\000\040\000I\000n\000t\000e\000r\000c\000h\000a\000n\000g\000e}{section.1.3}% 13
\BOOKMARK [0][-]{chapter.2}{\376\377\000N\000e\000t\000w\000o\000r\000k\000\040\000t\000r\000a\000i\000n\000i\000n\000g}{part.1}% 14
\BOOKMARK [1][-]{section.2.1}{\376\377\000F\000u\000n\000d\000a\000m\000e\000n\000t\000a\000l\000s}{chapter.2}% 15
\BOOKMARK [2][-]{subsection.2.1.1}{\376\377\000R\000e\000g\000r\000e\000s\000s\000i\000o\000n\000\040\000P\000r\000o\000b\000l\000e\000m\000s}{section.2.1}% 16
\BOOKMARK [2][-]{subsection.2.1.2}{\376\377\000C\000l\000a\000s\000s\000i\000f\000i\000c\000a\000t\000i\000o\000n\000\040\000P\000r\000o\000b\000l\000e\000m\000s}{section.2.1}% 17
\BOOKMARK [2][-]{subsection.2.1.3}{\376\377\000N\000u\000m\000e\000r\000i\000c\000a\000l\000\040\000E\000x\000a\000m\000p\000l\000e\000:\000\040\000B\000i\000n\000a\000r\000y\000\040\000C\000l\000a\000s\000s\000i\000f\000i\000c\000a\000t\000i\000o\000n}{section.2.1}% 18
\BOOKMARK [1][-]{section.2.2}{\376\377\000P\000a\000r\000a\000m\000e\000t\000e\000r\000\040\000O\000p\000t\000i\000m\000i\000s\000a\000t\000i\000o\000n}{chapter.2}% 19
\BOOKMARK [2][-]{subsection.2.2.1}{\376\377\000C\000h\000a\000l\000l\000e\000n\000g\000e\000s\000:\000\040\000N\000o\000n\000-\000C\000o\000n\000v\000e\000x\000i\000t\000y\000\040\000a\000n\000d\000\040\000M\000u\000l\000t\000i\000p\000l\000e\000\040\000M\000i\000n\000i\000m\000a}{section.2.2}% 20
\BOOKMARK [2][-]{subsection.2.2.2}{\376\377\000I\000m\000p\000o\000s\000s\000i\000b\000i\000l\000i\000t\000y\000\040\000o\000f\000\040\000a\000n\000\040\000A\000n\000a\000l\000y\000t\000i\000c\000\040\000S\000o\000l\000u\000t\000i\000o\000n}{section.2.2}% 21
\BOOKMARK [2][-]{subsection.2.2.3}{\376\377\000I\000t\000e\000r\000a\000t\000i\000v\000e\000\040\000N\000u\000m\000e\000r\000i\000c\000a\000l\000\040\000S\000o\000l\000u\000t\000i\000o\000n}{section.2.2}% 22
\BOOKMARK [1][-]{section.2.3}{\376\377\000L\000o\000c\000a\000l\000\040\000Q\000u\000a\000d\000r\000a\000t\000i\000c\000\040\000A\000p\000p\000r\000o\000x\000i\000m\000a\000t\000i\000o\000n\000\040\000O\000p\000t\000i\000o\000n\000a\000l}{chapter.2}% 23
\BOOKMARK [2][-]{subsection.2.3.1}{\376\377\000P\000r\000i\000m\000e\000r\000\040\000o\000n\000\040\000t\000h\000e\000\040\000M\000a\000t\000h\000e\000m\000a\000t\000i\000c\000s}{section.2.3}% 24
\BOOKMARK [2][-]{subsection.2.3.2}{\376\377\000T\000h\000e\000\040\000Q\000u\000a\000d\000r\000a\000t\000i\000c\000\040\000A\000p\000p\000r\000o\000x\000i\000m\000a\000t\000i\000o\000n}{section.2.3}% 25
\BOOKMARK [2][-]{subsection.2.3.3}{\376\377\000A\000n\000a\000l\000y\000s\000i\000s\000\040\000a\000t\000\040\000a\000\040\000M\000i\000n\000i\000m\000u\000m}{section.2.3}% 26
\BOOKMARK [2][-]{subsection.2.3.4}{\376\377\000S\000i\000g\000n\000i\000f\000i\000c\000a\000n\000c\000e\000\040\000i\000n\000\040\000N\000e\000u\000r\000a\000l\000\040\000N\000e\000t\000w\000o\000r\000k\000\040\000T\000r\000a\000i\000n\000i\000n\000g}{section.2.3}% 27
\BOOKMARK [1][-]{section.2.4}{\376\377\000G\000r\000a\000d\000i\000e\000n\000t\000\040\000D\000e\000s\000c\000e\000n\000t\000\040\000O\000p\000t\000i\000m\000i\000z\000a\000t\000i\000o\000n}{chapter.2}% 28
\BOOKMARK [2][-]{subsection.2.4.1}{\376\377\000B\000a\000t\000c\000h\000\040\000G\000r\000a\000d\000i\000e\000n\000t\000\040\000D\000e\000s\000c\000e\000n\000t}{section.2.4}% 29
\BOOKMARK [2][-]{subsection.2.4.2}{\376\377\000O\000n\000-\000l\000i\000n\000e\000\040\000\050\000S\000t\000o\000c\000h\000a\000s\000t\000i\000c\000\051\000\040\000G\000r\000a\000d\000i\000e\000n\000t\000\040\000D\000e\000s\000c\000e\000n\000t}{section.2.4}% 30
\BOOKMARK [0][-]{chapter.3}{\376\377\000E\000r\000r\000o\000r\000\040\000B\000a\000c\000k\000p\000r\000o\000p\000a\000g\000a\000t\000i\000o\000n}{part.1}% 31
\BOOKMARK [1][-]{section.3.1}{\376\377\000B\000a\000c\000k\000p\000r\000o\000p\000a\000g\000a\000t\000i\000o\000n\000\040\000E\000x\000a\000m\000p\000l\000e\000:\000\040\000A\000\040\0001\000-\0001\000-\0001\000-\0001\000\040\000N\000e\000t\000w\000o\000r\000k}{chapter.3}% 32
\BOOKMARK [2][-]{subsection.3.1.1}{\376\377\0001\000.\000\040\000N\000e\000t\000w\000o\000r\000k\000\040\000\046\000\040\000P\000r\000o\000b\000l\000e\000m\000\040\000S\000e\000t\000u\000p}{section.3.1}% 33
\BOOKMARK [2][-]{subsection.3.1.2}{\376\377\0002\000.\000\040\000T\000h\000e\000\040\000F\000o\000r\000w\000a\000r\000d\000\040\000P\000r\000o\000p\000a\000g\000a\000t\000i\000o\000n\000\040\000P\000a\000s\000s}{section.3.1}% 34
\BOOKMARK [2][-]{subsection.3.1.3}{\376\377\0003\000.\000\040\000T\000h\000e\000\040\000B\000a\000c\000k\000w\000a\000r\000d\000\040\000P\000r\000o\000p\000a\000g\000a\000t\000i\000o\000n\000\040\000P\000a\000s\000s\000\040\000\050\000T\000h\000e\000\040\000D\000e\000r\000i\000v\000a\000t\000i\000v\000e\000s\000\051}{section.3.1}% 35
\BOOKMARK [2][-]{subsection.3.1.4}{\376\377\0004\000.\000\040\000S\000u\000m\000m\000a\000r\000y\000\040\000o\000f\000\040\000t\000h\000e\000\040\000A\000l\000g\000o\000r\000i\000t\000h\000m}{section.3.1}% 36
\BOOKMARK [1][-]{section.3.2}{\376\377\000B\000a\000c\000k\000p\000r\000o\000p\000a\000g\000a\000t\000i\000o\000n\000\040\000E\000x\000a\000m\000p\000l\000e\000:\000\040\000A\000\040\0002\000-\0003\000-\0002\000-\0001\000\040\000N\000e\000t\000w\000o\000r\000k}{chapter.3}% 37
\BOOKMARK [2][-]{subsection.3.2.1}{\376\377\000N\000e\000t\000w\000o\000r\000k\000\040\000\046\000\040\000P\000r\000o\000b\000l\000e\000m\000\040\000S\000e\000t\000u\000p}{section.3.2}% 38
\BOOKMARK [2][-]{subsection.3.2.2}{\376\377\0001\000.\000\040\000F\000o\000r\000w\000a\000r\000d\000\040\000P\000r\000o\000p\000a\000g\000a\000t\000i\000o\000n}{section.3.2}% 39
\BOOKMARK [2][-]{subsection.3.2.3}{\376\377\0002\000.\000\040\000B\000a\000c\000k\000w\000a\000r\000d\000\040\000P\000r\000o\000p\000a\000g\000a\000t\000i\000o\000n\000\040\000\050\000T\000h\000e\000\040\000D\000e\000r\000i\000v\000a\000t\000i\000v\000e\000s\000\051}{section.3.2}% 40
\BOOKMARK [2][-]{subsection.3.2.4}{\376\377\0003\000.\000\040\000S\000u\000m\000m\000a\000r\000y\000\040\000o\000f\000\040\000t\000h\000e\000\040\000A\000l\000g\000o\000r\000i\000t\000h\000m}{section.3.2}% 41
\BOOKMARK [1][-]{section.3.3}{\376\377\000T\000h\000e\000\040\000G\000e\000n\000e\000r\000a\000l\000\040\000R\000u\000l\000e\000s\000\040\000o\000f\000\040\000B\000a\000c\000k\000p\000r\000o\000p\000a\000g\000a\000t\000i\000o\000n}{chapter.3}% 42
\BOOKMARK [2][-]{subsection.3.3.1}{\376\377\000R\000u\000l\000e\000\040\0001\000:\000\040\000C\000a\000l\000c\000u\000l\000a\000t\000i\000n\000g\000\040\000t\000h\000e\000\040\000\040\000f\000o\000r\000\040\000a\000n\000\040\000O\000u\000t\000p\000u\000t\000\040\000U\000n\000i\000t}{section.3.3}% 43
\BOOKMARK [2][-]{subsection.3.3.2}{\376\377\000R\000u\000l\000e\000\040\0002\000:\000\040\000C\000a\000l\000c\000u\000l\000a\000t\000i\000n\000g\000\040\000t\000h\000e\000\040\000\040\000f\000o\000r\000\040\000a\000\040\000H\000i\000d\000d\000e\000n\000\040\000U\000n\000i\000t}{section.3.3}% 44
\BOOKMARK [2][-]{subsection.3.3.3}{\376\377\000R\000u\000l\000e\000\040\0003\000:\000\040\000T\000h\000e\000\040\000G\000r\000a\000d\000i\000e\000n\000t\000\040\000C\000a\000l\000c\000u\000l\000a\000t\000i\000o\000n\000\040\000R\000u\000l\000e}{section.3.3}% 45
\BOOKMARK [2][-]{subsection.3.3.4}{\376\377\000S\000u\000m\000m\000a\000r\000y\000\040\000o\000f\000\040\000t\000h\000e\000\040\000B\000a\000c\000k\000p\000r\000o\000p\000a\000g\000a\000t\000i\000o\000n\000\040\000A\000l\000g\000o\000r\000i\000t\000h\000m}{section.3.3}% 46
\BOOKMARK [1][-]{section.3.4}{\376\377\000B\000a\000c\000k\000p\000r\000o\000p\000a\000g\000a\000t\000i\000o\000n\000\040\000P\000r\000a\000c\000t\000i\000c\000e\000\040\000Q\000u\000e\000s\000t\000i\000o\000n\000s}{chapter.3}% 47
\BOOKMARK [0][-]{chapter.4}{\376\377\000R\000e\000g\000u\000l\000a\000r\000i\000z\000a\000t\000i\000o\000n\000\040\000I\000n\000\040\000N\000e\000u\000r\000a\000l\000\040\000N\000e\000t\000w\000o\000r\000k\000s}{part.1}% 48
\BOOKMARK [1][-]{section.4.1}{\376\377\000I\000n\000t\000r\000o\000d\000u\000c\000t\000i\000o\000n}{chapter.4}% 49
\BOOKMARK [2][-]{subsection.4.1.1}{\376\377\000W\000e\000i\000g\000h\000t\000\040\000D\000e\000c\000a\000y}{section.4.1}% 50
\BOOKMARK [1][-]{section.4.2}{\376\377\000C\000o\000n\000s\000i\000s\000t\000e\000n\000t\000\040\000G\000a\000u\000s\000s\000i\000a\000n\000\040\000P\000r\000i\000o\000r\000s\000\040\000\050\000a\000n\000d\000\040\000l\000i\000m\000i\000t\000a\000t\000i\000o\000n\000s\000\040\000o\000f\000\040\000W\000e\000i\000g\000h\000t\000\040\000D\000e\000c\000a\000y\000\051}{chapter.4}% 51
\BOOKMARK [2][-]{subsection.4.2.1}{\376\377\000I\000n\000v\000a\000r\000i\000a\000n\000c\000e\000\040\000t\000o\000\040\000I\000n\000p\000u\000t\000\040\000T\000r\000a\000n\000s\000f\000o\000r\000m\000a\000t\000i\000o\000n\000s}{section.4.2}% 52
\BOOKMARK [2][-]{subsection.4.2.2}{\376\377\000I\000n\000v\000a\000r\000i\000a\000n\000c\000e\000\040\000t\000o\000\040\000O\000u\000t\000p\000u\000t\000\040\000T\000r\000a\000n\000s\000f\000o\000r\000m\000a\000t\000i\000o\000n\000s}{section.4.2}% 53
\BOOKMARK [2][-]{subsection.4.2.3}{\376\377\000W\000e\000i\000g\000h\000t\000\040\000D\000e\000c\000a\000y\000\040\000l\000a\000c\000k\000s\000\040\000I\000n\000v\000a\000r\000i\000a\000n\000c\000e}{section.4.2}% 54
\BOOKMARK [1][-]{section.4.3}{\376\377\000T\000h\000e\000\040\000R\000i\000g\000h\000t\000\040\000O\000n\000e\000.\000.\000.\000.\000.\000.\000.}{chapter.4}% 55
\BOOKMARK [2][-]{subsection.4.3.1}{\376\377\000L\000o\000g\000i\000c\000a\000l\000\040\000D\000e\000d\000u\000c\000t\000i\000o\000n\000\040\000o\000f\000\040\000a\000\040\000C\000o\000n\000s\000i\000s\000t\000e\000n\000t\000\040\000R\000e\000g\000u\000l\000a\000r\000i\000z\000e\000r}{section.4.3}% 56
\BOOKMARK [2][-]{subsection.4.3.2}{\376\377\000T\000h\000e\000\040\000G\000e\000n\000e\000r\000a\000l\000i\000s\000e\000d\000\040\000R\000e\000g\000u\000l\000a\000r\000i\000z\000e\000r}{section.4.3}% 57
\BOOKMARK [1][-]{section.4.4}{\376\377\000E\000a\000r\000l\000y\000\040\000S\000t\000o\000p\000p\000i\000n\000g}{chapter.4}% 58
\BOOKMARK [2][-]{subsection.4.4.1}{\376\377\000D\000e\000f\000i\000n\000i\000t\000i\000o\000n}{section.4.4}% 59
\BOOKMARK [2][-]{subsection.4.4.2}{\376\377\000S\000i\000g\000n\000i\000f\000i\000c\000a\000n\000c\000e\000\040\000a\000s\000\040\000a\000\040\000R\000e\000g\000u\000l\000a\000r\000i\000z\000e\000r}{section.4.4}% 60
\BOOKMARK [2][-]{subsection.4.4.3}{\376\377\000M\000a\000t\000h\000e\000m\000a\000t\000i\000c\000a\000l\000\040\000J\000u\000s\000t\000i\000f\000i\000c\000a\000t\000i\000o\000n\000\040\000\050\000P\000r\000o\000o\000f\000\040\000o\000f\000\040\000E\000q\000u\000i\000v\000a\000l\000e\000n\000c\000e\000\051}{section.4.4}% 61
\BOOKMARK [2][-]{subsection.4.4.4}{\376\377\000C\000o\000n\000c\000l\000u\000s\000i\000o\000n\000:\000\040\000A\000\040\000C\000o\000m\000p\000a\000r\000i\000s\000o\000n}{section.4.4}% 62
\BOOKMARK [1][-]{section.4.5}{\376\377\000I\000n\000v\000a\000r\000i\000a\000n\000c\000e\000s\000\040\000i\000n\000\040\000N\000e\000u\000r\000a\000l\000\040\000N\000e\000t\000w\000o\000r\000k\000s}{chapter.4}% 63
\BOOKMARK [2][-]{subsection.4.5.1}{\376\377\000T\000h\000e\000\040\000P\000r\000o\000b\000l\000e\000m}{section.4.5}% 64
\BOOKMARK [2][-]{subsection.4.5.2}{\376\377\000F\000o\000u\000r\000\040\000A\000p\000p\000r\000o\000a\000c\000h\000e\000s\000\040\000t\000o\000\040\000A\000c\000h\000i\000e\000v\000e\000\040\000I\000n\000v\000a\000r\000i\000a\000n\000c\000e}{section.4.5}% 65
\BOOKMARK [0][-]{chapter.5}{\376\377\000I\000m\000p\000l\000e\000m\000e\000n\000t\000i\000n\000g\000\040\000L\000o\000g\000i\000c\000a\000l\000\040\000F\000u\000n\000c\000t\000i\000o\000n\000s\000\040\000w\000i\000t\000h\000\040\000N\000e\000u\000r\000a\000l\000\040\000N\000e\000t\000w\000o\000r\000k\000s}{part.1}% 66
\BOOKMARK [1][-]{section.5.1}{\376\377\000I\000n\000t\000r\000o\000d\000u\000c\000t\000i\000o\000n\000:\000\040\000T\000h\000e\000\040\000P\000e\000r\000c\000e\000p\000t\000r\000o\000n\000\040\000M\000o\000d\000e\000l}{chapter.5}% 67
\BOOKMARK [1][-]{section.5.2}{\376\377\000B\000a\000s\000i\000c\000\040\000L\000o\000g\000i\000c\000\040\000F\000u\000n\000c\000t\000i\000o\000n\000s\000\040\000\050\000L\000i\000n\000e\000a\000r\000l\000y\000\040\000S\000e\000p\000a\000r\000a\000b\000l\000e\000\051}{chapter.5}% 68
\BOOKMARK [2][-]{subsection.5.2.1}{\376\377\000A\000N\000D\000\040\000L\000o\000g\000i\000c}{section.5.2}% 69
\BOOKMARK [2][-]{subsection.5.2.2}{\376\377\000O\000R\000\040\000L\000o\000g\000i\000c}{section.5.2}% 70
\BOOKMARK [2][-]{subsection.5.2.3}{\376\377\000N\000O\000T\000\040\000L\000o\000g\000i\000c}{section.5.2}% 71
\BOOKMARK [2][-]{subsection.5.2.4}{\376\377\000N\000A\000N\000D\000\040\000L\000o\000g\000i\000c\000\040\000\050\000N\000O\000T\000\040\000A\000N\000D\000\051}{section.5.2}% 72
\BOOKMARK [2][-]{subsection.5.2.5}{\376\377\000N\000O\000R\000\040\000L\000o\000g\000i\000c\000\040\000\050\000N\000O\000T\000\040\000O\000R\000\051}{section.5.2}% 73
\BOOKMARK [1][-]{section.5.3}{\376\377\000X\000O\000R\000\040\000L\000o\000g\000i\000c\000\040\000\050\000N\000o\000n\000-\000L\000i\000n\000e\000a\000r\000l\000y\000\040\000S\000e\000p\000a\000r\000a\000b\000l\000e\000\051}{chapter.5}% 74
\BOOKMARK [0][-]{chapter.6}{\376\377\000B\000u\000i\000l\000d\000i\000n\000g\000\040\000a\000n\000d\000\040\000G\000e\000n\000e\000r\000a\000l\000i\000z\000i\000n\000g\000\040\000L\000o\000g\000i\000c\000\040\000F\000u\000n\000c\000t\000i\000o\000n\000s}{part.1}% 75
\BOOKMARK [1][-]{section.6.1}{\376\377\000C\000o\000m\000p\000o\000s\000i\000n\000g\000\040\000F\000u\000n\000c\000t\000i\000o\000n\000s}{chapter.6}% 76
\BOOKMARK [1][-]{section.6.2}{\376\377\000G\000e\000n\000e\000r\000a\000l\000i\000z\000a\000t\000i\000o\000n\000\040\000t\000o\000\040\000n\000\040\000I\000n\000p\000u\000t\000s}{chapter.6}% 77
\BOOKMARK [2][-]{subsection.6.2.1}{\376\377\000n\000-\000I\000n\000p\000u\000t\000\040\000A\000N\000D\000\040\000G\000a\000t\000e}{section.6.2}% 78
\BOOKMARK [2][-]{subsection.6.2.2}{\376\377\000n\000-\000I\000n\000p\000u\000t\000\040\000O\000R\000\040\000G\000a\000t\000e}{section.6.2}% 79
\BOOKMARK [2][-]{subsection.6.2.3}{\376\377\000n\000-\000I\000n\000p\000u\000t\000\040\000N\000A\000N\000D\000\040\000G\000a\000t\000e}{section.6.2}% 80
\BOOKMARK [2][-]{subsection.6.2.4}{\376\377\000n\000-\000I\000n\000p\000u\000t\000\040\000N\000O\000R\000\040\000G\000a\000t\000e}{section.6.2}% 81
\BOOKMARK [1][-]{section.6.3}{\376\377\000G\000e\000n\000e\000r\000a\000l\000\040\000M\000e\000t\000h\000o\000d\000\040\000f\000o\000r\000\040\000A\000r\000b\000i\000t\000r\000a\000r\000y\000\040\000n\000-\000I\000n\000p\000u\000t\000\040\000F\000u\000n\000c\000t\000i\000o\000n\000s}{chapter.6}% 82
\BOOKMARK [2][-]{subsection.6.3.1}{\376\377\000T\000h\000e\000\040\000D\000N\000F\000\040\000N\000e\000t\000w\000o\000r\000k\000\040\000A\000r\000c\000h\000i\000t\000e\000c\000t\000u\000r\000e}{section.6.3}% 83
\BOOKMARK [2][-]{subsection.6.3.2}{\376\377\000R\000u\000l\000e\000\040\000f\000o\000r\000\040\000M\000i\000n\000t\000e\000r\000m\000\040\000N\000e\000u\000r\000o\000n\000s}{section.6.3}% 84
\BOOKMARK [2][-]{subsection.6.3.3}{\376\377\000E\000x\000a\000m\000p\000l\000e\000:\000\040\0003\000-\000I\000n\000p\000u\000t\000\040\000P\000a\000r\000i\000t\000y\000\040\000F\000u\000n\000c\000t\000i\000o\000n\000\040\000\050\0003\000-\000X\000O\000R\000\051}{section.6.3}% 85
\BOOKMARK [-1][-]{part.2}{\376\377\000I\000I\000\040\000C\000o\000n\000v\000o\000l\000u\000t\000i\000o\000n\000a\000l\000\040\000N\000e\000u\000r\000a\000l\000\040\000N\000e\000t\000w\000o\000r\000k\000s}{}% 86
\BOOKMARK [0][-]{chapter.7}{\376\377\000C\000o\000n\000v\000o\000l\000u\000t\000i\000o\000n\000a\000l\000\040\000F\000i\000l\000t\000e\000r\000s}{part.2}% 87
\BOOKMARK [1][-]{section.7.1}{\376\377\000I\000n\000t\000r\000o\000d\000u\000c\000t\000i\000o\000n}{chapter.7}% 88
\BOOKMARK [2][-]{subsection.7.1.1}{\376\377\000M\000o\000t\000i\000v\000a\000t\000i\000o\000n\000\040\000a\000n\000d\000\040\000I\000n\000d\000u\000c\000t\000i\000v\000e\000\040\000B\000i\000a\000s}{section.7.1}% 89
\BOOKMARK [2][-]{subsection.7.1.2}{\376\377\000F\000o\000u\000r\000\040\000K\000e\000y\000\040\000C\000o\000n\000c\000e\000p\000t\000s\000\040\000f\000o\000r\000\040\000I\000m\000a\000g\000e\000\040\000S\000t\000r\000u\000c\000t\000u\000r\000e}{section.7.1}% 90
\BOOKMARK [1][-]{section.7.2}{\376\377\000F\000e\000a\000t\000u\000r\000e\000\040\000D\000e\000t\000e\000c\000t\000o\000r\000s}{chapter.7}% 91
\BOOKMARK [2][-]{subsection.7.2.1}{\376\377\000L\000o\000c\000a\000l\000i\000t\000y\000\040\000a\000n\000d\000\040\000R\000e\000c\000e\000p\000t\000i\000v\000e\000\040\000F\000i\000e\000l\000d\000s}{section.7.2}% 92
\BOOKMARK [2][-]{subsection.7.2.2}{\376\377\000M\000a\000t\000h\000e\000m\000a\000t\000i\000c\000a\000l\000\040\000D\000e\000f\000i\000n\000i\000t\000i\000o\000n}{section.7.2}% 93
\BOOKMARK [2][-]{subsection.7.2.3}{\376\377\000H\000o\000w\000\040\000i\000t\000\040\000W\000o\000r\000k\000s}{section.7.2}% 94
\BOOKMARK [-1][-]{part.3}{\376\377\000I\000I\000I\000\040\000R\000e\000c\000u\000r\000r\000e\000n\000t\000\040\000N\000e\000u\000r\000a\000l\000\040\000N\000e\000t\000w\000o\000r\000k\000s}{}% 95
\BOOKMARK [0][-]{chapter.8}{\376\377\000F\000o\000u\000n\000d\000a\000t\000i\000o\000n\000s\000\040\000o\000f\000\040\000S\000e\000q\000u\000e\000n\000c\000e\000\040\000M\000o\000d\000e\000l\000l\000i\000n\000g}{part.3}% 96
\BOOKMARK [1][-]{section.8.1}{\376\377\000T\000h\000e\000\040\000P\000r\000o\000b\000l\000e\000m\000:\000\040\000S\000e\000q\000u\000e\000n\000t\000i\000a\000l\000\040\000D\000a\000t\000a}{chapter.8}% 97
\BOOKMARK [2][-]{subsection.8.1.1}{\376\377\000F\000a\000i\000l\000u\000r\000e\000\040\0001\000:\000\040\000F\000i\000x\000e\000d\000-\000S\000i\000z\000e\000\040\000I\000n\000p\000u\000t\000\040\000a\000n\000d\000\040\000O\000u\000t\000p\000u\000t}{section.8.1}% 98
\BOOKMARK [2][-]{subsection.8.1.2}{\376\377\000F\000a\000i\000l\000u\000r\000e\000\040\0002\000:\000\040\000N\000o\000\040\000P\000a\000r\000a\000m\000e\000t\000e\000r\000\040\000S\000h\000a\000r\000i\000n\000g\000\040\000A\000c\000r\000o\000s\000s\000\040\000T\000i\000m\000e}{section.8.1}% 99
\BOOKMARK [2][-]{subsection.8.1.3}{\376\377\000F\000a\000i\000l\000u\000r\000e\000\040\0003\000:\000\040\000N\000o\000\040\000"\000M\000e\000m\000o\000r\000y\000"\000\040\000o\000r\000\040\000I\000n\000t\000e\000r\000n\000a\000l\000\040\000S\000t\000a\000t\000e}{section.8.1}% 100
\BOOKMARK [1][-]{section.8.2}{\376\377\000B\000u\000i\000l\000d\000i\000n\000g\000\040\000t\000h\000e\000\040\000R\000N\000N\000\040\000E\000q\000u\000a\000t\000i\000o\000n\000s}{chapter.8}% 101
\BOOKMARK [2][-]{subsection.8.2.1}{\376\377\000C\000a\000s\000e\000\040\0001\000:\000\040\000T\000h\000e\000\040\000S\000i\000m\000p\000l\000e\000s\000t\000\040\000R\000N\000N\000\040\000\050\0001\000-\0001\000-\0001\000\040\000N\000e\000t\000w\000o\000r\000k\000\051}{section.8.2}% 102
\BOOKMARK [2][-]{subsection.8.2.2}{\376\377\000C\000a\000s\000e\000\040\0002\000:\000\040\0001\000\040\000I\000n\000p\000u\000t\000,\000\040\000D\000h\000\040\000H\000i\000d\000d\000e\000n\000\040\000N\000e\000u\000r\000o\000n\000s\000\040\000\050\0001\000-\000D\000h\000-\0001\000\040\000N\000e\000t\000w\000o\000r\000k\000\051}{section.8.2}% 103
\BOOKMARK [2][-]{subsection.8.2.3}{\376\377\000C\000a\000s\000e\000\040\0003\000:\000\040\000D\000x\000\040\000I\000n\000p\000u\000t\000s\000,\000\040\000D\000h\000\040\000H\000i\000d\000d\000e\000n\000\040\000N\000e\000u\000r\000o\000n\000s\000\040\000\050\000T\000h\000e\000\040\000G\000e\000n\000e\000r\000a\000l\000\040\000C\000a\000s\000e\000\051}{section.8.2}% 104
\BOOKMARK [2][-]{subsection.8.2.4}{\376\377\000T\000h\000e\000\040\000G\000e\000n\000e\000r\000a\000l\000\040\000C\000a\000s\000e\000:\000\040\000R\000N\000N\000\040\000E\000q\000u\000a\000t\000i\000o\000n\000s}{section.8.2}% 105
\BOOKMARK [1][-]{section.8.3}{\376\377\000T\000h\000e\000\040\000"\000U\000n\000f\000o\000l\000d\000i\000n\000g\000\040\000i\000n\000\040\000T\000i\000m\000e\000"\000\040\000C\000o\000m\000p\000u\000t\000a\000t\000i\000o\000n\000a\000l\000\040\000G\000r\000a\000p\000h}{chapter.8}% 106
\BOOKMARK [2][-]{subsection.8.3.1}{\376\377\000M\000a\000t\000h\000e\000m\000a\000t\000i\000c\000a\000l\000\040\000D\000e\000f\000i\000n\000i\000t\000i\000o\000n\000\040\000o\000f\000\040\000t\000h\000e\000\040\000U\000n\000f\000o\000l\000d\000e\000d\000\040\000G\000r\000a\000p\000h}{section.8.3}% 107
\BOOKMARK [2][-]{subsection.8.3.2}{\376\377\000D\000i\000a\000g\000r\000a\000m\000\040\000o\000f\000\040\000t\000h\000e\000\040\000U\000n\000f\000o\000l\000d\000e\000d\000\040\000G\000r\000a\000p\000h\000\040\000\050\000f\000o\000r\000\040\000T\000=\0003\000\051}{section.8.3}% 108
\BOOKMARK [0][-]{chapter.9}{\376\377\000N\000d\000t\000w\000o\000r\000k\000\040\000T\000r\000a\000i\000n\000i\000n\000g}{part.3}% 109
\BOOKMARK [1][-]{section.9.1}{\376\377\000D\000e\000f\000i\000n\000i\000n\000g\000\040\000t\000h\000e\000\040\000L\000o\000s\000s\000\040\000F\000u\000n\000c\000t\000i\000o\000n}{chapter.9}% 110
\BOOKMARK [2][-]{subsection.9.1.1}{\376\377\000T\000h\000e\000\040\000P\000e\000r\000-\000T\000i\000m\000e\000-\000S\000t\000e\000p\000\040\000L\000o\000s\000s\000:\000\040\000E\000\050\000t\000\051}{section.9.1}% 111
\BOOKMARK [2][-]{subsection.9.1.2}{\376\377\000T\000h\000e\000\040\000T\000o\000t\000a\000l\000\040\000L\000o\000s\000s\000:\000\040\000E}{section.9.1}% 112
\BOOKMARK [2][-]{subsection.9.1.3}{\376\377\000S\000i\000g\000n\000i\000f\000i\000c\000a\000n\000c\000e\000\040\000f\000o\000r\000\040\000G\000r\000a\000d\000i\000e\000n\000t\000\040\000C\000a\000l\000c\000u\000l\000a\000t\000i\000o\000n}{section.9.1}% 113
\BOOKMARK [1][-]{section.9.2}{\376\377\000M\000o\000d\000u\000l\000e\000\040\0002\000.\0002\000:\000\040\000D\000e\000r\000i\000v\000i\000n\000g\000\040\000t\000h\000e\000\040\000G\000r\000a\000d\000i\000e\000n\000t\000s\000\040\000\050\000B\000P\000T\000T\000\051}{chapter.9}% 114
\BOOKMARK [2][-]{subsection.9.2.1}{\376\377\000C\000a\000s\000e\000\040\0001\000:\000\040\000G\000r\000a\000d\000i\000e\000n\000t\000\040\000f\000o\000r\000\040\000O\000u\000t\000p\000u\000t\000\040\000W\000e\000i\000g\000h\000t\000s\000\040\000\050\000W\000h\000y\000\051}{section.9.2}% 115
\BOOKMARK [1][-]{section.9.3}{\376\377\000L\000e\000a\000r\000n\000\040\000w\000i\000t\000h\000\040\000e\000x\000a\000m\000p\000l\000e}{chapter.9}% 116
\BOOKMARK [2][-]{subsection.9.3.1}{\376\377\000P\000a\000r\000t\000\040\0001\000:\000\040\000T\000h\000e\000\040\000P\000r\000o\000b\000l\000e\000m\000\040\000D\000e\000f\000i\000n\000i\000t\000i\000o\000n}{section.9.3}% 117
\BOOKMARK [2][-]{subsection.9.3.2}{\376\377\000P\000a\000r\000t\000\040\0002\000:\000\040\000T\000h\000e\000\040\000N\000u\000m\000e\000r\000i\000c\000a\000l\000\040\000E\000x\000a\000m\000p\000l\000e}{section.9.3}% 118
\BOOKMARK [2][-]{subsection.9.3.3}{\376\377\000P\000a\000r\000t\000\040\0003\000:\000\040\000F\000o\000r\000w\000a\000r\000d\000\040\000P\000a\000s\000s\000\040\000\050\000N\000u\000m\000e\000r\000i\000c\000a\000l\000\040\000C\000a\000l\000c\000u\000l\000a\000t\000i\000o\000n\000\051}{section.9.3}% 119
\BOOKMARK [2][-]{subsection.9.3.4}{\376\377\000P\000a\000r\000t\000\040\0004\000:\000\040\000B\000a\000c\000k\000w\000a\000r\000d\000\040\000P\000a\000s\000s\000\040\000\050\000B\000P\000T\000T\000\040\000D\000e\000r\000i\000v\000a\000t\000i\000o\000n\000s\000\040\000\046\000\040\000C\000a\000l\000c\000u\000l\000a\000t\000i\000o\000n\000s\000\051}{section.9.3}% 120
\BOOKMARK [2][-]{subsection.9.3.5}{\376\377\000P\000a\000r\000t\000\040\0005\000:\000\040\000W\000e\000i\000g\000h\000t\000\040\000U\000p\000d\000a\000t\000e\000\040\000\050\000E\000x\000a\000m\000p\000l\000e\000\051}{section.9.3}% 121
\BOOKMARK [1][-]{section.9.4}{\376\377\000T\000h\000e\000\040\000R\000e\000c\000u\000r\000s\000i\000v\000e\000\040\000J\000a\000c\000o\000b\000i\000a\000n\000\040\000P\000r\000o\000d\000u\000c\000t}{chapter.9}% 122
\BOOKMARK [2][-]{subsection.9.4.1}{\376\377\000T\000h\000e\000\040\000J\000a\000c\000o\000b\000i\000a\000n\000\040\000o\000f\000\040\000t\000h\000e\000\040\000S\000t\000a\000t\000e\000\040\000T\000r\000a\000n\000s\000i\000t\000i\000o\000n}{section.9.4}% 123
\BOOKMARK [1][-]{section.9.5}{\376\377\000T\000h\000e\000\040\000P\000r\000o\000b\000l\000e\000m\000\040\000o\000f\000\040\000L\000o\000n\000g\000-\000R\000a\000n\000g\000e\000\040\000D\000e\000p\000e\000n\000d\000e\000n\000c\000i\000e\000s}{chapter.9}% 124
\BOOKMARK [2][-]{subsection.9.5.1}{\376\377\0003\000.\0001\000\040\000V\000a\000n\000i\000s\000h\000i\000n\000g\000\040\000G\000r\000a\000d\000i\000e\000n\000t\000s}{section.9.5}% 125
\BOOKMARK [2][-]{subsection.9.5.2}{\376\377\0003\000.\0002\000\040\000E\000x\000p\000l\000o\000d\000i\000n\000g\000\040\000G\000r\000a\000d\000i\000e\000n\000t\000s}{section.9.5}% 126
\BOOKMARK [2][-]{subsection.9.5.3}{\376\377\0003\000.\0003\000\040\000S\000o\000l\000u\000t\000i\000o\000n\000\040\000f\000o\000r\000\040\000E\000x\000p\000l\000o\000d\000i\000n\000g\000\040\000G\000r\000a\000d\000i\000e\000n\000t\000s\000:\000\040\000G\000r\000a\000d\000i\000e\000n\000t\000\040\000C\000l\000i\000p\000p\000i\000n\000g}{section.9.5}% 127
\BOOKMARK [0][-]{chapter.10}{\376\377\000G\000a\000t\000e\000d\000\040\000R\000N\000N\000s}{part.3}% 128
\BOOKMARK [1][-]{section.10.1}{\376\377\000T\000h\000e\000\040\000G\000a\000t\000i\000n\000g\000\040\000M\000e\000c\000h\000a\000n\000i\000s\000m}{chapter.10}% 129
\BOOKMARK [2][-]{subsection.10.1.1}{\376\377\000T\000h\000e\000\040\000P\000r\000o\000b\000l\000e\000m\000:\000\040\000T\000h\000e\000\040\000U\000n\000s\000t\000a\000b\000l\000e\000\040\000G\000r\000a\000d\000i\000e\000n\000t\000\040\000P\000a\000t\000h}{section.10.1}% 130
\BOOKMARK [2][-]{subsection.10.1.2}{\376\377\000T\000h\000e\000\040\000C\000o\000n\000c\000e\000p\000t\000u\000a\000l\000\040\000S\000o\000l\000u\000t\000i\000o\000n\000:\000\040\000A\000n\000\040\000A\000d\000d\000i\000t\000i\000v\000e\000\040\000"\000C\000e\000l\000l\000\040\000S\000t\000a\000t\000e\000"}{section.10.1}% 131
\BOOKMARK [2][-]{subsection.10.1.3}{\376\377\000T\000h\000e\000\040\000G\000a\000t\000i\000n\000g\000\040\000M\000e\000c\000h\000a\000n\000i\000s\000m\000:\000\040\000A\000\040\000L\000e\000a\000r\000n\000a\000b\000l\000e\000\040\000"\000S\000o\000f\000t\000\040\000S\000w\000i\000t\000c\000h\000"}{section.10.1}% 132
\BOOKMARK [2][-]{subsection.10.1.4}{\376\377\000T\000h\000e\000\040\000G\000a\000t\000e\000d\000\040\000G\000r\000a\000d\000i\000e\000n\000t\000\040\000S\000u\000p\000e\000r\000h\000i\000g\000h\000w\000a\000y}{section.10.1}% 133
\BOOKMARK [-1][-]{part.4}{\376\377\000I\000V\000\040\000T\000r\000a\000n\000s\000f\000o\000r\000m\000e\000r\000s}{}% 134
\BOOKMARK [0][-]{chapter.11}{\376\377\000A\000t\000t\000e\000n\000t\000i\000o\000n}{part.4}% 135
\BOOKMARK [1][-]{section.11.1}{\376\377\000I\000n\000t\000r\000o\000d\000u\000c\000t\000i\000o\000n\000\040\000t\000o\000\040\000A\000t\000t\000e\000n\000t\000i\000o\000n}{chapter.11}% 136
\BOOKMARK [2][-]{subsection.11.1.1}{\376\377\000K\000e\000y\000\040\000T\000a\000k\000e\000a\000w\000a\000y\000s\000\040\000f\000r\000o\000m\000\040\000t\000h\000e\000\040\000I\000n\000t\000r\000o\000d\000u\000c\000t\000i\000o\000n}{section.11.1}% 137
\BOOKMARK [1][-]{section.11.2}{\376\377\000A\000t\000t\000e\000n\000t\000i\000o\000n\000\040\000C\000o\000e\000f\000f\000i\000c\000i\000e\000n\000t\000s}{chapter.11}% 138
\BOOKMARK [2][-]{subsection.11.2.1}{\376\377\000C\000o\000n\000s\000t\000r\000a\000i\000n\000t\000s\000\040\000o\000n\000\040\000A\000t\000t\000e\000n\000t\000i\000o\000n\000\040\000W\000e\000i\000g\000h\000t\000s}{section.11.2}% 139
\BOOKMARK [0][-]{appendix*.87}{\376\377\000A\000p\000p\000e\000n\000d\000i\000x\000:\000\040\000C\000o\000m\000m\000o\000n\000\040\000A\000c\000t\000i\000v\000a\000t\000i\000o\000n\000\040\000F\000u\000n\000c\000t\000i\000o\000n\000s}{part.4}% 140
